<?xml version="1.0" encoding="UTF-8"?>
<!-- Generated by org.testng.reporters.JUnitXMLReporter -->
<testsuite ignored="0" hostname="DESKTOP-URE915C" failures="0" tests="3" name="LoginTest" time="192.115" errors="0" timestamp="2023-07-21T22:24:58 BDT">
  <testcase classname="tests.LoginTest" name="loginTest" time="17.912"/>
  <testcase classname="tests.MyInfoPageTest" name="myInfoPageTest" time="25.758"/>
  <testcase classname="tests.DashBoardTest" name="dashBoardTest" time="78.185"/>
</testsuite> <!-- LoginTest -->
