<?xml version="1.0" encoding="UTF-8"?>
<testng-results ignored="0" total="3" passed="3" failed="0" skipped="0">
  <reporter-output>
  </reporter-output>
  <suite started-at="2023-07-21T22:21:46 BDT" name="Automaiton" finished-at="2023-07-21T22:24:58 BDT" duration-ms="192115">
    <groups>
    </groups>
    <test started-at="2023-07-21T22:21:46 BDT" name="LoginTest" finished-at="2023-07-21T22:24:58 BDT" duration-ms="192115">
      <class name="tests.DashBoardTest">
        <test-method is-config="true" signature="start()[pri:0, instance:tests.DashBoardTest@1a75e76a]" started-at="2023-07-21T22:23:23 BDT" name="start" finished-at="2023-07-21T22:23:24 BDT" duration-ms="1034" status="PASS">
          <reporter-output>
          </reporter-output>
        </test-method> <!-- start -->
        <test-method is-config="true" signature="openUrl()[pri:0, instance:tests.DashBoardTest@1a75e76a]" started-at="2023-07-21T22:23:24 BDT" name="openUrl" finished-at="2023-07-21T22:23:39 BDT" duration-ms="14927" status="PASS">
          <reporter-output>
          </reporter-output>
        </test-method> <!-- openUrl -->
        <test-method signature="dashBoardTest()[pri:1, instance:tests.DashBoardTest@1a75e76a]" started-at="2023-07-21T22:23:39 BDT" name="dashBoardTest" finished-at="2023-07-21T22:24:57 BDT" duration-ms="78185" status="PASS">
          <reporter-output>
          </reporter-output>
        </test-method> <!-- dashBoardTest -->
        <test-method is-config="true" signature="afterClass()[pri:0, instance:tests.DashBoardTest@1a75e76a]" started-at="2023-07-21T22:24:57 BDT" name="afterClass" finished-at="2023-07-21T22:24:58 BDT" duration-ms="153" status="PASS">
          <reporter-output>
          </reporter-output>
        </test-method> <!-- afterClass -->
        <test-method is-config="true" signature="close()[pri:0, instance:tests.DashBoardTest@1a75e76a]" started-at="2023-07-21T22:24:58 BDT" name="close" finished-at="2023-07-21T22:24:58 BDT" duration-ms="371" status="PASS">
          <reporter-output>
          </reporter-output>
        </test-method> <!-- close -->
      </class> <!-- tests.DashBoardTest -->
      <class name="tests.LoginTest">
        <test-method is-config="true" signature="start()[pri:0, instance:tests.LoginTest@7a35b0f5]" started-at="2023-07-21T22:21:46 BDT" name="start" finished-at="2023-07-21T22:21:49 BDT" duration-ms="2840" status="PASS">
          <reporter-output>
          </reporter-output>
        </test-method> <!-- start -->
        <test-method is-config="true" signature="openUrl()[pri:0, instance:tests.LoginTest@7a35b0f5]" started-at="2023-07-21T22:21:49 BDT" name="openUrl" finished-at="2023-07-21T22:22:17 BDT" duration-ms="28052" status="PASS">
          <reporter-output>
          </reporter-output>
        </test-method> <!-- openUrl -->
        <test-method signature="loginTest()[pri:0, instance:tests.LoginTest@7a35b0f5]" started-at="2023-07-21T22:22:17 BDT" name="loginTest" finished-at="2023-07-21T22:22:35 BDT" duration-ms="17912" status="PASS">
          <reporter-output>
          </reporter-output>
        </test-method> <!-- loginTest -->
        <test-method is-config="true" signature="afterClass()[pri:0, instance:tests.LoginTest@7a35b0f5]" started-at="2023-07-21T22:22:35 BDT" name="afterClass" finished-at="2023-07-21T22:22:35 BDT" duration-ms="554" status="PASS">
          <reporter-output>
          </reporter-output>
        </test-method> <!-- afterClass -->
        <test-method is-config="true" signature="close()[pri:0, instance:tests.LoginTest@7a35b0f5]" started-at="2023-07-21T22:22:35 BDT" name="close" finished-at="2023-07-21T22:22:36 BDT" duration-ms="265" status="PASS">
          <reporter-output>
          </reporter-output>
        </test-method> <!-- close -->
      </class> <!-- tests.LoginTest -->
      <class name="tests.MyInfoPageTest">
        <test-method is-config="true" signature="start()[pri:0, instance:tests.MyInfoPageTest@33bc72d1]" started-at="2023-07-21T22:22:36 BDT" name="start" finished-at="2023-07-21T22:22:37 BDT" duration-ms="978" status="PASS">
          <reporter-output>
          </reporter-output>
        </test-method> <!-- start -->
        <test-method is-config="true" signature="openUrl()[pri:0, instance:tests.MyInfoPageTest@33bc72d1]" started-at="2023-07-21T22:22:37 BDT" name="openUrl" finished-at="2023-07-21T22:22:57 BDT" duration-ms="20465" status="PASS">
          <reporter-output>
          </reporter-output>
        </test-method> <!-- openUrl -->
        <test-method signature="myInfoPageTest()[pri:0, instance:tests.MyInfoPageTest@33bc72d1]" started-at="2023-07-21T22:22:57 BDT" name="myInfoPageTest" finished-at="2023-07-21T22:23:23 BDT" duration-ms="25758" status="PASS">
          <reporter-output>
          </reporter-output>
        </test-method> <!-- myInfoPageTest -->
        <test-method is-config="true" signature="afterClass()[pri:0, instance:tests.MyInfoPageTest@33bc72d1]" started-at="2023-07-21T22:23:23 BDT" name="afterClass" finished-at="2023-07-21T22:23:23 BDT" duration-ms="240" status="PASS">
          <reporter-output>
          </reporter-output>
        </test-method> <!-- afterClass -->
        <test-method is-config="true" signature="close()[pri:0, instance:tests.MyInfoPageTest@33bc72d1]" started-at="2023-07-21T22:23:23 BDT" name="close" finished-at="2023-07-21T22:23:23 BDT" duration-ms="250" status="PASS">
          <reporter-output>
          </reporter-output>
        </test-method> <!-- close -->
      </class> <!-- tests.MyInfoPageTest -->
    </test> <!-- LoginTest -->
  </suite> <!-- Automaiton -->
</testng-results>
